error: unexpected argument '--node-http' found

  tip: a similar argument exists: '--node_http'

Usage: rundler node --node_http <node_http>

For more information, try '--help'.
  [2m2025-07-05T16:32:59.627333Z[0m [32m INFO[0m [1;32mrundler::cli[0m[32m: [32mParsed CLI options: Cli {
    command: Node(
        NodeCliArgs {
            pool: PoolArgs {
                port: 50051,
                host: "127.0.0.1",
                max_size_in_bytes: 500000000,
                same_sender_mempool_count: 4,
                min_replacement_fee_increase_percentage: 10,
                blocklist_path: None,
                allowlist_path: None,
                chain_poll_interval_millis: 100,
                chain_sync_max_retries: 5,
                chain_update_channel_capacity: None,
                throttled_entity_mempool_count: 4,
                throttled_entity_live_blocks: 10,
                paymaster_tracking_enabled: true,
                paymaster_cache_length: 10000,
                reputation_tracking_enabled: true,
                drop_min_num_blocks: 10,
                max_time_in_pool_secs: None,
            },
            builder: BuilderArgs {
                port: 50051,
                host: "127.0.0.1",
                signer_args: SignerArgs {
                    private_keys: [],
                    mnemonic: None,
                    aws_kms_key_ids: [],
                    aws_kms_grouped_keys: [],
                    enable_kms_funding: false,
                    enable_kms_locking: false,
                    redis_uri: "",
                    redis_lock_ttl_millis: 60000,
                    fund_below: None,
                    fund_to: None,
                    funding_txn_poll_interval_ms: 1000,
                    funding_txn_poll_max_retries: 20,
                    funding_txn_priority_fee_multiplier: 2.0,
                    funding_txn_base_fee_multiplier: 2.0,
                },
                max_bundle_size: 128,
                sender_type: Raw,
                submit_url: None,
                use_conditional_rpc: false,
                flashbots_relay_builders: [
                    "flashbots",
                ],
                flashbots_relay_auth_key: None,
                bloxroute_auth_header: None,
                max_blocks_to_wait_for_mine: 2,
                replacement_fee_percent_increase: 10,
                max_cancellation_fee_increases: 15,
                max_replacement_underpriced_blocks: 20,
            },
            rpc: RpcArgs {
                port: 3000,
                host: "0.0.0.0",
                swagger_ui_port: 9000,
                swagger_ui_host: "0.0.0.0",
                api: [
                    "eth",
                    "rundler",
                    "paymaster",
                ],
                timeout_seconds: "20",
                max_connections: 100,
                corsdomain: None,
                permissions_enabled: false,
            },
        },
    ),
    common: CommonArgs {
        network: None,
        chain_spec: None,
        node_http: None,
        unsafe_mode: false,
        max_verification_gas: 5000000,
        max_simulate_handle_op_gas: 5000000,
        max_aggregation_gas: 1000000,
        max_uo_cost: None,
        target_bundle_block_gas_limit_ratio: 0.5,
        max_bundle_block_gas_limit_ratio: 0.9,
        min_stake_value: 1000000000000000000,
        min_unstake_delay: 84600,
        tracer_timeout: "10s",
        enable_unsafe_fallback: false,
        user_operation_event_block_distance: None,
        user_operation_event_block_distance_fallback: None,
        verification_estimation_gas_fee: 1000000000000,
        bundle_base_fee_overhead_percent: 27,
        bundle_priority_fee_overhead_percent: 0,
        priority_fee_mode_kind: "priority_fee_increase_percent",
        priority_fee_mode_value: 0,
        base_fee_accept_percent: 50,
        pre_verification_gas_accept_percent: 50,
        execution_gas_limit_efficiency_reject_threshold: 0.0,
        verification_gas_limit_efficiency_reject_threshold: 0.0,
        verification_gas_allowed_error_pct: 15,
        call_gas_allowed_error_pct: 15,
        max_gas_estimation_gas: 550000000,
        max_gas_estimation_rounds: 3,
        mempool_config_path: None,
        builders_config_path: None,
        disable_entry_point_v0_6: false,
        disable_entry_point_v0_7: false,
        num_builders_v0_6: 1,
        num_builders_v0_7: 1,
        da_gas_tracking_enabled: false,
        provider_client_timeout_seconds: 10,
        max_expected_storage_slots: None,
        enabled_aggregators: [],
        aggregator_options: [],
        paymaster_enabled: false,
        paymaster_private_key: Some(
            SecretBox<str>([REDACTED]),
        ),
        paymaster_policy_file: None,
    },
    metrics: MetricsArgs {
        port: 8080,
        host: "0.0.0.0",
        tags: [],
        sample_interval_millis: 1000,
        buckets: [
            0.0,
            1.0,
            2.0,
            4.0,
            8.0,
            16.0,
            32.0,
            64.0,
            128.0,
            256.0,
            500.0,
            600.0,
            700.0,
            800.0,
            900.0,
            1000.0,
            2000.0,
            3000.0,
            4000.0,
            5000.0,
            7500.0,
            10000.0,
        ],
    },
    logs: LogsArgs {
        file: None,
        json: false,
        otlp_grpc_endpoint: None,
    },
}[0m
    [2;3mat[0m bin/rundler/src/cli/mod.rs:81

  [2m2025-07-05T16:32:59.628151Z[0m [32m INFO[0m [1;32mrundler::cli[0m[32m: [32mInitializing task manager...[0m
    [2;3mat[0m bin/rundler/src/cli/mod.rs:82

  [2m2025-07-05T16:32:59.628335Z[0m [32m INFO[0m [1;32mrundler::cli[0m[32m: [32mTask manager initialized.[0m
    [2;3mat[0m bin/rundler/src/cli/mod.rs:85

  [2m2025-07-05T16:32:59.628345Z[0m [32m INFO[0m [1;32mrundler::cli[0m[32m: [32mInitializing metrics...[0m
    [2;3mat[0m bin/rundler/src/cli/mod.rs:87

  [2m2025-07-05T16:32:59.829660Z[0m [32m INFO[0m [1;32mrundler::cli[0m[32m: [32mMetrics initialized.[0m
    [2;3mat[0m bin/rundler/src/cli/mod.rs:97

  [2m2025-07-05T16:32:59.829691Z[0m [32m INFO[0m [1;32mrundler::cli[0m[32m: [32mResolving chain spec...[0m
    [2;3mat[0m bin/rundler/src/cli/mod.rs:99

  [2m2025-07-05T16:32:59.831453Z[0m [32m INFO[0m [1;32mrundler::cli[0m[32m: [32mChain spec resolved.[0m
    [2;3mat[0m bin/rundler/src/cli/mod.rs:101

  [2m2025-07-05T16:32:59.831460Z[0m [32m INFO[0m [1;32mrundler::cli[0m[32m: [32mLoading configs...[0m
    [2;3mat[0m bin/rundler/src/cli/mod.rs:103

  [2m2025-07-05T16:32:59.831473Z[0m [32m INFO[0m [1;32mrundler::cli[0m[32m: [32mConfigs loaded.[0m
    [2;3mat[0m bin/rundler/src/cli/mod.rs:108

  [2m2025-07-05T16:32:59.831476Z[0m [32m INFO[0m [1;32mrundler::cli[0m[32m: [32mConstructing providers...[0m
    [2;3mat[0m bin/rundler/src/cli/mod.rs:110

  [2m2025-07-05T16:32:59.831479Z[0m [32m INFO[0m [1;32mrundler::cli[0m[32m: [32mProviders constructed.[0m
    [2;3mat[0m bin/rundler/src/cli/mod.rs:112

  [2m2025-07-05T16:32:59.831481Z[0m [32m INFO[0m [1;32mrundler::cli[0m[32m: [32mStarting task spawner...[0m
    [2;3mat[0m bin/rundler/src/cli/mod.rs:114

  [2m2025-07-05T16:32:59.831580Z[0m [32m INFO[0m [1;32mrundler::cli::pool[0m[32m: [32mblocklist: None[0m
    [2;3mat[0m bin/rundler/src/cli/pool.rs:198

  [2m2025-07-05T16:32:59.831584Z[0m [32m INFO[0m [1;32mrundler::cli::pool[0m[32m: [32mallowlist: None[0m
    [2;3mat[0m bin/rundler/src/cli/pool.rs:199

Error: must provide node_http
  [2m2025-07-05T16:36:33.008445Z[0m [32m INFO[0m [1;32mrundler::cli[0m[32m: [32mParsed CLI options: Cli {
    command: Node(
        NodeCliArgs {
            pool: PoolArgs {
                port: 50051,
                host: "127.0.0.1",
                max_size_in_bytes: 500000000,
                same_sender_mempool_count: 4,
                min_replacement_fee_increase_percentage: 10,
                blocklist_path: None,
                allowlist_path: None,
                chain_poll_interval_millis: 100,
                chain_sync_max_retries: 5,
                chain_update_channel_capacity: None,
                throttled_entity_mempool_count: 4,
                throttled_entity_live_blocks: 10,
                paymaster_tracking_enabled: true,
                paymaster_cache_length: 10000,
                reputation_tracking_enabled: true,
                drop_min_num_blocks: 10,
                max_time_in_pool_secs: None,
            },
            builder: BuilderArgs {
                port: 50051,
                host: "127.0.0.1",
                signer_args: SignerArgs {
                    private_keys: [],
                    mnemonic: None,
                    aws_kms_key_ids: [],
                    aws_kms_grouped_keys: [],
                    enable_kms_funding: false,
                    enable_kms_locking: false,
                    redis_uri: "",
                    redis_lock_ttl_millis: 60000,
                    fund_below: None,
                    fund_to: None,
                    funding_txn_poll_interval_ms: 1000,
                    funding_txn_poll_max_retries: 20,
                    funding_txn_priority_fee_multiplier: 2.0,
                    funding_txn_base_fee_multiplier: 2.0,
                },
                max_bundle_size: 128,
                sender_type: Raw,
                submit_url: None,
                use_conditional_rpc: false,
                flashbots_relay_builders: [
                    "flashbots",
                ],
                flashbots_relay_auth_key: None,
                bloxroute_auth_header: None,
                max_blocks_to_wait_for_mine: 2,
                replacement_fee_percent_increase: 10,
                max_cancellation_fee_increases: 15,
                max_replacement_underpriced_blocks: 20,
            },
            rpc: RpcArgs {
                port: 3000,
                host: "0.0.0.0",
                swagger_ui_port: 9000,
                swagger_ui_host: "0.0.0.0",
                api: [
                    "eth",
                    "rundler",
                    "paymaster",
                ],
                timeout_seconds: "20",
                max_connections: 100,
                corsdomain: None,
                permissions_enabled: false,
            },
        },
    ),
    common: CommonArgs {
        network: None,
        chain_spec: None,
        node_http: None,
        unsafe_mode: false,
        max_verification_gas: 5000000,
        max_simulate_handle_op_gas: 5000000,
        max_aggregation_gas: 1000000,
        max_uo_cost: None,
        target_bundle_block_gas_limit_ratio: 0.5,
        max_bundle_block_gas_limit_ratio: 0.9,
        min_stake_value: 1000000000000000000,
        min_unstake_delay: 84600,
        tracer_timeout: "10s",
        enable_unsafe_fallback: false,
        user_operation_event_block_distance: None,
        user_operation_event_block_distance_fallback: None,
        verification_estimation_gas_fee: 1000000000000,
        bundle_base_fee_overhead_percent: 27,
        bundle_priority_fee_overhead_percent: 0,
        priority_fee_mode_kind: "priority_fee_increase_percent",
        priority_fee_mode_value: 0,
        base_fee_accept_percent: 50,
        pre_verification_gas_accept_percent: 50,
        execution_gas_limit_efficiency_reject_threshold: 0.0,
        verification_gas_limit_efficiency_reject_threshold: 0.0,
        verification_gas_allowed_error_pct: 15,
        call_gas_allowed_error_pct: 15,
        max_gas_estimation_gas: 550000000,
        max_gas_estimation_rounds: 3,
        mempool_config_path: None,
        builders_config_path: None,
        disable_entry_point_v0_6: false,
        disable_entry_point_v0_7: false,
        num_builders_v0_6: 1,
        num_builders_v0_7: 1,
        da_gas_tracking_enabled: false,
        provider_client_timeout_seconds: 10,
        max_expected_storage_slots: None,
        enabled_aggregators: [],
        aggregator_options: [],
        paymaster_enabled: false,
        paymaster_private_key: Some(
            SecretBox<str>([REDACTED]),
        ),
        paymaster_policy_file: None,
    },
    metrics: MetricsArgs {
        port: 8080,
        host: "0.0.0.0",
        tags: [],
        sample_interval_millis: 1000,
        buckets: [
            0.0,
            1.0,
            2.0,
            4.0,
            8.0,
            16.0,
            32.0,
            64.0,
            128.0,
            256.0,
            500.0,
            600.0,
            700.0,
            800.0,
            900.0,
            1000.0,
            2000.0,
            3000.0,
            4000.0,
            5000.0,
            7500.0,
            10000.0,
        ],
    },
    logs: LogsArgs {
        file: None,
        json: false,
        otlp_grpc_endpoint: None,
    },
}[0m
    [2;3mat[0m bin/rundler/src/cli/mod.rs:81

  [2m2025-07-05T16:36:33.009225Z[0m [32m INFO[0m [1;32mrundler::cli[0m[32m: [32mInitializing task manager...[0m
    [2;3mat[0m bin/rundler/src/cli/mod.rs:82

  [2m2025-07-05T16:36:33.009433Z[0m [32m INFO[0m [1;32mrundler::cli[0m[32m: [32mTask manager initialized.[0m
    [2;3mat[0m bin/rundler/src/cli/mod.rs:85

  [2m2025-07-05T16:36:33.009443Z[0m [32m INFO[0m [1;32mrundler::cli[0m[32m: [32mInitializing metrics...[0m
    [2;3mat[0m bin/rundler/src/cli/mod.rs:87

  [2m2025-07-05T16:36:33.210726Z[0m [32m INFO[0m [1;32mrundler::cli[0m[32m: [32mMetrics initialized.[0m
    [2;3mat[0m bin/rundler/src/cli/mod.rs:97

  [2m2025-07-05T16:36:33.210761Z[0m [32m INFO[0m [1;32mrundler::cli[0m[32m: [32mResolving chain spec...[0m
    [2;3mat[0m bin/rundler/src/cli/mod.rs:99

  [2m2025-07-05T16:36:33.212507Z[0m [32m INFO[0m [1;32mrundler::cli[0m[32m: [32mChain spec resolved.[0m
    [2;3mat[0m bin/rundler/src/cli/mod.rs:101

  [2m2025-07-05T16:36:33.212514Z[0m [32m INFO[0m [1;32mrundler::cli[0m[32m: [32mLoading configs...[0m
    [2;3mat[0m bin/rundler/src/cli/mod.rs:103

  [2m2025-07-05T16:36:33.212529Z[0m [32m INFO[0m [1;32mrundler::cli[0m[32m: [32mConfigs loaded.[0m
    [2;3mat[0m bin/rundler/src/cli/mod.rs:108

  [2m2025-07-05T16:36:33.212533Z[0m [32m INFO[0m [1;32mrundler::cli[0m[32m: [32mConstructing providers...[0m
    [2;3mat[0m bin/rundler/src/cli/mod.rs:110

  [2m2025-07-05T16:36:33.212537Z[0m [32m INFO[0m [1;32mrundler::cli[0m[32m: [32mProviders constructed.[0m
    [2;3mat[0m bin/rundler/src/cli/mod.rs:112

  [2m2025-07-05T16:36:33.212539Z[0m [32m INFO[0m [1;32mrundler::cli[0m[32m: [32mStarting task spawner...[0m
    [2;3mat[0m bin/rundler/src/cli/mod.rs:114

  [2m2025-07-05T16:36:33.212639Z[0m [32m INFO[0m [1;32mrundler::cli::pool[0m[32m: [32mblocklist: None[0m
    [2;3mat[0m bin/rundler/src/cli/pool.rs:198

  [2m2025-07-05T16:36:33.212643Z[0m [32m INFO[0m [1;32mrundler::cli::pool[0m[32m: [32mallowlist: None[0m
    [2;3mat[0m bin/rundler/src/cli/pool.rs:199

Error: must provide node_http
